[32m2026-02-26 11:33:40 +0000[0m - dagster - [34mDEBUG[0m - __ASSET_JOB - b6c230a3-be70-49c3-a023-c85956a2430c - 2424796 - LOGS_CAPTURED - Started capturing logs in process (pid: 2424796).
[32m2026-02-26 11:33:40 +0000[0m - dagster - [34mDEBUG[0m - __ASSET_JOB - b6c230a3-be70-49c3-a023-c85956a2430c - 2424796 - v_Inventory_Parts_Ops - STEP_START - Started execution of step "v_Inventory_Parts_Ops".
[32m2026-02-26 11:33:40 +0000[0m - dagster - [34mINFO[0m - __ASSET_JOB - b6c230a3-be70-49c3-a023-c85956a2430c - v_Inventory_Parts_Ops - 
================================================================================
[32m2026-02-26 11:33:40 +0000[0m - dagster - [34mINFO[0m - __ASSET_JOB - b6c230a3-be70-49c3-a023-c85956a2430c - v_Inventory_Parts_Ops - 🚀 PIPELINE MSSQL → SNOWFLAKE
[32m2026-02-26 11:33:40 +0000[0m - dagster - [34mINFO[0m - __ASSET_JOB - b6c230a3-be70-49c3-a023-c85956a2430c - v_Inventory_Parts_Ops - 📤➡️❄️  Méthode: BCP + COPY INTO
[32m2026-02-26 11:33:40 +0000[0m - dagster - [34mINFO[0m - __ASSET_JOB - b6c230a3-be70-49c3-a023-c85956a2430c - v_Inventory_Parts_Ops - ================================================================================

[32m2026-02-26 11:33:40 +0000[0m - dagster - [34mINFO[0m - __ASSET_JOB - b6c230a3-be70-49c3-a023-c85956a2430c - v_Inventory_Parts_Ops - ================================================================================
[32m2026-02-26 11:33:40 +0000[0m - dagster - [34mINFO[0m - __ASSET_JOB - b6c230a3-be70-49c3-a023-c85956a2430c - v_Inventory_Parts_Ops - 📤 Export BCP depuis SQL Server pour la table V_Inventory_Parts_Ops
[32m2026-02-26 11:33:40 +0000[0m - dagster - [34mINFO[0m - __ASSET_JOB - b6c230a3-be70-49c3-a023-c85956a2430c - v_Inventory_Parts_Ops - ================================================================================
[32m2026-02-26 11:33:40 +0000[0m - dagster - [34mINFO[0m - __ASSET_JOB - b6c230a3-be70-49c3-a023-c85956a2430c - v_Inventory_Parts_Ops - 🗑️  Fichier existant supprimé: /tmp/mssql_export.csv
2026-02-26 11:33:40,627 - INFO - 🔧 BCPExporter initialisé:
2026-02-26 11:33:40,627 - INFO -    Mode: Natif
2026-02-26 11:33:40,627 - INFO -    BCP: bcp
[32m2026-02-26 11:33:40 +0000[0m - dagster - [34mINFO[0m - __ASSET_JOB - b6c230a3-be70-49c3-a023-c85956a2430c - v_Inventory_Parts_Ops - 🔄 Exécution BCP...
2026-02-26 11:33:40,645 - INFO - 💻 Mode natif
2026-02-26 11:33:40,645 - INFO - 🔄 Commande BCP: bcp SELECT TOP 10000000 * FROM V_Inventory_Parts_Ops WITH (NOLOCK) queryout /tmp/mssql_export.csv -c -C 65001 -t | -r 
 -S *** -d *** -U *** -P ***
2026-02-26 11:34:32,504 - INFO - ✅ Export BCP réussi: Durée 51.86s, Taille 32.31 MB
[32m2026-02-26 11:34:32 +0000[0m - dagster - [34mINFO[0m - __ASSET_JOB - b6c230a3-be70-49c3-a023-c85956a2430c - v_Inventory_Parts_Ops - ✅ Export BCP terminé en 51.86s
[32m2026-02-26 11:34:32 +0000[0m - dagster - [34mINFO[0m - __ASSET_JOB - b6c230a3-be70-49c3-a023-c85956a2430c - v_Inventory_Parts_Ops -    Temps BCP: 51.86s
[32m2026-02-26 11:34:32 +0000[0m - dagster - [34mINFO[0m - __ASSET_JOB - b6c230a3-be70-49c3-a023-c85956a2430c - v_Inventory_Parts_Ops -    Fichier: /tmp/mssql_export.csv
[32m2026-02-26 11:34:32 +0000[0m - dagster - [34mINFO[0m - __ASSET_JOB - b6c230a3-be70-49c3-a023-c85956a2430c - v_Inventory_Parts_Ops -    Taille: 32.31 MB
[32m2026-02-26 11:34:32 +0000[0m - dagster - [34mINFO[0m - __ASSET_JOB - b6c230a3-be70-49c3-a023-c85956a2430c - v_Inventory_Parts_Ops - ================================================================================
[32m2026-02-26 11:34:32 +0000[0m - dagster - [34mINFO[0m - __ASSET_JOB - b6c230a3-be70-49c3-a023-c85956a2430c - v_Inventory_Parts_Ops - 🔧 Setup Snowflake
[32m2026-02-26 11:34:32 +0000[0m - dagster - [34mINFO[0m - __ASSET_JOB - b6c230a3-be70-49c3-a023-c85956a2430c - v_Inventory_Parts_Ops - ================================================================================
2026-02-26 11:34:32,623 - INFO - Snowflake Connector for Python Version: 4.3.0, Python Version: 3.12.3, Platform: Linux-6.6.87.2-microsoft-standard-WSL2-x86_64-with-glibc2.39
2026-02-26 11:34:32,623 - INFO - Connecting to GLOBAL Snowflake domain
[32m2026-02-26 11:34:35 +0000[0m - dagster - [34mINFO[0m - __ASSET_JOB - b6c230a3-be70-49c3-a023-c85956a2430c - v_Inventory_Parts_Ops - 🔧 Création du file format CSV...
[32m2026-02-26 11:34:35 +0000[0m - dagster - [34mINFO[0m - __ASSET_JOB - b6c230a3-be70-49c3-a023-c85956a2430c - v_Inventory_Parts_Ops - ✅ File format mssql_csv_file_format créé
[32m2026-02-26 11:34:35 +0000[0m - dagster - [34mINFO[0m - __ASSET_JOB - b6c230a3-be70-49c3-a023-c85956a2430c - v_Inventory_Parts_Ops - 🔧 Création du stage...
[32m2026-02-26 11:34:36 +0000[0m - dagster - [34mINFO[0m - __ASSET_JOB - b6c230a3-be70-49c3-a023-c85956a2430c - v_Inventory_Parts_Ops - ✅ Stage MSSQL_DIRECT_STAGE créé
[32m2026-02-26 11:34:36 +0000[0m - dagster - [34mINFO[0m - __ASSET_JOB - b6c230a3-be70-49c3-a023-c85956a2430c - v_Inventory_Parts_Ops - 🔧 Création de la table NEEMBA.EQUIPEMENT.V_Inventory_Parts_Ops...
2026-02-26 11:34:36,125 - INFO - 🔧 Génération DDL: AI_V_INVENTORY_PARTS_OPS
2026-02-26 11:34:36,125 - INFO - 📋 Extraction du schéma: V_Inventory_Parts_Ops
2026-02-26 11:34:37,557 - INFO - ✅ 20 colonnes extraites
2026-02-26 11:34:37,638 - INFO - ✅ DDL généré (20 colonnes)
[32m2026-02-26 11:34:38 +0000[0m - dagster - [34mINFO[0m - __ASSET_JOB - b6c230a3-be70-49c3-a023-c85956a2430c - v_Inventory_Parts_Ops - ✅ Table V_Inventory_Parts_Ops créée avec succès
[32m2026-02-26 11:34:38 +0000[0m - dagster - [34mINFO[0m - __ASSET_JOB - b6c230a3-be70-49c3-a023-c85956a2430c - v_Inventory_Parts_Ops -    Localisation: NEEMBA.EQUIPEMENT.V_Inventory_Parts_Ops
[32m2026-02-26 11:34:38 +0000[0m - dagster - [34mINFO[0m - __ASSET_JOB - b6c230a3-be70-49c3-a023-c85956a2430c - v_Inventory_Parts_Ops - ================================================================================
[32m2026-02-26 11:34:38 +0000[0m - dagster - [34mINFO[0m - __ASSET_JOB - b6c230a3-be70-49c3-a023-c85956a2430c - v_Inventory_Parts_Ops - 📤 Upload vers Snowflake Stage
[32m2026-02-26 11:34:38 +0000[0m - dagster - [34mINFO[0m - __ASSET_JOB - b6c230a3-be70-49c3-a023-c85956a2430c - v_Inventory_Parts_Ops - ================================================================================
2026-02-26 11:34:38,428 - INFO - Snowflake Connector for Python Version: 4.3.0, Python Version: 3.12.3, Platform: Linux-6.6.87.2-microsoft-standard-WSL2-x86_64-with-glibc2.39
2026-02-26 11:34:38,429 - INFO - Connecting to GLOBAL Snowflake domain
[32m2026-02-26 11:34:40 +0000[0m - dagster - [34mINFO[0m - __ASSET_JOB - b6c230a3-be70-49c3-a023-c85956a2430c - v_Inventory_Parts_Ops - 🔄 Upload de mssql_export.csv...
[32m2026-02-26 11:34:44 +0000[0m - dagster - [34mINFO[0m - __ASSET_JOB - b6c230a3-be70-49c3-a023-c85956a2430c - v_Inventory_Parts_Ops - ✅ Upload terminé en 3.52s
[32m2026-02-26 11:34:44 +0000[0m - dagster - [34mINFO[0m - __ASSET_JOB - b6c230a3-be70-49c3-a023-c85956a2430c - v_Inventory_Parts_Ops - 📁 Fichiers dans le stage: 1
[32m2026-02-26 11:34:45 +0000[0m - dagster - [34mINFO[0m - __ASSET_JOB - b6c230a3-be70-49c3-a023-c85956a2430c - v_Inventory_Parts_Ops - ================================================================================
[32m2026-02-26 11:34:45 +0000[0m - dagster - [34mINFO[0m - __ASSET_JOB - b6c230a3-be70-49c3-a023-c85956a2430c - v_Inventory_Parts_Ops - 📥 COPY INTO Snowflake
[32m2026-02-26 11:34:45 +0000[0m - dagster - [34mINFO[0m - __ASSET_JOB - b6c230a3-be70-49c3-a023-c85956a2430c - v_Inventory_Parts_Ops - ================================================================================
2026-02-26 11:34:45,398 - INFO - Snowflake Connector for Python Version: 4.3.0, Python Version: 3.12.3, Platform: Linux-6.6.87.2-microsoft-standard-WSL2-x86_64-with-glibc2.39
2026-02-26 11:34:45,399 - INFO - Connecting to GLOBAL Snowflake domain
[32m2026-02-26 11:34:47 +0000[0m - dagster - [34mINFO[0m - __ASSET_JOB - b6c230a3-be70-49c3-a023-c85956a2430c - v_Inventory_Parts_Ops - 🔄 Chargement dans AI_V_INVENTORY_PARTS_OPS...
[32m2026-02-26 11:34:51 +0000[0m - dagster - [34mINFO[0m - __ASSET_JOB - b6c230a3-be70-49c3-a023-c85956a2430c - v_Inventory_Parts_Ops -    ✓ mssql_direct_stage/mssql_export.csv.gz: 209,131 lignes
[32m2026-02-26 11:34:51 +0000[0m - dagster - [34mINFO[0m - __ASSET_JOB - b6c230a3-be70-49c3-a023-c85956a2430c - v_Inventory_Parts_Ops - ✅ COPY INTO terminé en 3.96s
[32m2026-02-26 11:34:51 +0000[0m - dagster - [34mINFO[0m - __ASSET_JOB - b6c230a3-be70-49c3-a023-c85956a2430c - v_Inventory_Parts_Ops - 📊✅ Nombre de lignes chargées : 209,131
[32m2026-02-26 11:34:51 +0000[0m - dagster - [34mINFO[0m - __ASSET_JOB - b6c230a3-be70-49c3-a023-c85956a2430c - v_Inventory_Parts_Ops - 📊❌ Nombre d'erreurs : 1
[32m2026-02-26 11:34:52 +0000[0m - dagster - [34mINFO[0m - __ASSET_JOB - b6c230a3-be70-49c3-a023-c85956a2430c - v_Inventory_Parts_Ops - 📊 Total dans la table AI_V_INVENTORY_PARTS_OPS: 209,130
[32m2026-02-26 11:34:52 +0000[0m - dagster - [34mINFO[0m - __ASSET_JOB - b6c230a3-be70-49c3-a023-c85956a2430c - v_Inventory_Parts_Ops - 
================================================================================
[32m2026-02-26 11:34:52 +0000[0m - dagster - [34mINFO[0m - __ASSET_JOB - b6c230a3-be70-49c3-a023-c85956a2430c - v_Inventory_Parts_Ops - ✅ PIPELINE TERMINÉ AVEC SUCCÈS
[32m2026-02-26 11:34:52 +0000[0m - dagster - [34mINFO[0m - __ASSET_JOB - b6c230a3-be70-49c3-a023-c85956a2430c - v_Inventory_Parts_Ops - 🕒 Temps total Snowflake: 71.93s
[32m2026-02-26 11:34:52 +0000[0m - dagster - [34mINFO[0m - __ASSET_JOB - b6c230a3-be70-49c3-a023-c85956a2430c - v_Inventory_Parts_Ops - 📊 Total lignes insérées: 209,131
[32m2026-02-26 11:34:52 +0000[0m - dagster - [34mINFO[0m - __ASSET_JOB - b6c230a3-be70-49c3-a023-c85956a2430c - v_Inventory_Parts_Ops - ⚡ Débit: 2907 rows/sec
[32m2026-02-26 11:34:52 +0000[0m - dagster - [34mINFO[0m - __ASSET_JOB - b6c230a3-be70-49c3-a023-c85956a2430c - v_Inventory_Parts_Ops - ================================================================================

[32m2026-02-26 11:34:52 +0000[0m - dagster - [34mDEBUG[0m - __ASSET_JOB - b6c230a3-be70-49c3-a023-c85956a2430c - 2424796 - v_Inventory_Parts_Ops - STEP_OUTPUT - Yielded output "result" of type "Any". (Type check passed).
2026-02-26 11:34:52,528 - INFO - Context impl SQLiteImpl.
2026-02-26 11:34:52,529 - INFO - Will assume non-transactional DDL.
[32m2026-02-26 11:34:52 +0000[0m - dagster - [34mDEBUG[0m - __ASSET_JOB - b6c230a3-be70-49c3-a023-c85956a2430c - 2424796 - v_Inventory_Parts_Ops - ASSET_MATERIALIZATION - Materialized value v_Inventory_Parts_Ops.
[32m2026-02-26 11:34:52 +0000[0m - dagster - [34mDEBUG[0m - __ASSET_JOB - b6c230a3-be70-49c3-a023-c85956a2430c - 2424796 - v_Inventory_Parts_Ops - STEP_SUCCESS - Finished execution of step "v_Inventory_Parts_Ops" in 1m12s.
